<?xml version="1.0" encoding="UTF-8"?>
<!-- Generated by org.testng.reporters.JUnitReportReporter -->
<testsuite hostname="DESKTOP-NECNABD" failures="0" tests="1" name="pharmazone.MR.NewTest" time="1.066" errors="0" timestamp="2021-03-03T22:16:07 EET" skipped="0">
  <testcase classname="pharmazone.MR.NewTest" name="f" time="1.066"/>
  <system-out/>
</testsuite> <!-- pharmazone.MR.NewTest -->
