<?xml version="1.0" encoding="UTF-8"?>
<!-- Generated by org.testng.reporters.JUnitReportReporter -->
<testsuite hostname="DESKTOP-HA8TOHO" failures="0" tests="5" name="pharmazone.MR.SettingsAdminTest" time="8.389" errors="0" timestamp="2021-03-06T10:56:36 EET" skipped="1">
  <testcase classname="pharmazone.MR.SettingsAdminTest" name="forgetPassword" time="1.917"/>
  <system-out/>
  <testcase classname="pharmazone.MR.SettingsAdminTest" name="loginAdminSuccessp" time="4.279"/>
  <system-out/>
  <testcase classname="pharmazone.MR.SettingsAdminTest" name="UserCanAddNewArea" time="1.169"/>
  <system-out/>
  <testcase classname="pharmazone.MR.SettingsAdminTest" name="UserCanDeleteArea" time="1.024"/>
  <system-out/>
  <testcase classname="pharmazone.MR.SettingsAdminTest" name="UserCanEditArea">
    <skipped/>
  </testcase> <!-- UserCanEditArea -->
  <system-out/>
</testsuite> <!-- pharmazone.MR.SettingsAdminTest -->
