<?xml version="1.0" encoding="UTF-8"?>
<!-- Generated by org.testng.reporters.JUnitReportReporter -->
<testsuite hostname="DESKTOP-HA8TOHO" failures="0" tests="2" name="pharmazone.MR.ForgetPasswordAdminTest" time="0.866" errors="0" timestamp="2021-03-05T11:45:15 EET" skipped="1">
  <testcase classname="pharmazone.MR.ForgetPasswordAdminTest" name="loginAdminSuccessp" time="0.866"/>
  <system-out/>
  <testcase classname="pharmazone.MR.ForgetPasswordAdminTest" name="forgetPassword">
    <skipped/>
  </testcase> <!-- forgetPassword -->
  <system-out/>
</testsuite> <!-- pharmazone.MR.ForgetPasswordAdminTest -->
