<?xml version="1.0" encoding="UTF-8"?>
<!-- Generated by org.testng.reporters.JUnitReportReporter -->
<testsuite hostname="DESKTOP-5S5EEN6" failures="0" tests="1" name="pharmazone.MR.LoginAdminTest" time="1.120" errors="0" timestamp="2021-03-07T14:53:33 EET" skipped="0">
  <testcase classname="pharmazone.MR.LoginAdminTest" name="loginAdminSuccess" time="1.120"/>
  <system-out/>
</testsuite> <!-- pharmazone.MR.LoginAdminTest -->
