<?xml version="1.0" encoding="UTF-8"?>
<!-- Generated by org.testng.reporters.JUnitReportReporter -->
<testsuite hostname="DESKTOP-HA8TOHO" failures="0" tests="1" name="pharmazone.MR.LoginAdminTest" time="1.360" errors="0" timestamp="2021-03-05T11:41:47 EET" skipped="0">
  <testcase classname="pharmazone.MR.LoginAdminTest" name="loginAdminSuccess" time="1.360"/>
  <system-out/>
</testsuite> <!-- pharmazone.MR.LoginAdminTest -->
