<?xml version="1.0" encoding="UTF-8"?>
<!-- Generated by org.testng.reporters.JUnitReportReporter -->
<testsuite hostname="DESKTOP-NECNABD" failures="0" tests="1" name="pharmazone.MR.LoginAdminTest" time="0.966" errors="0" timestamp="2021-03-03T22:05:10 EET" skipped="0">
  <testcase classname="pharmazone.MR.LoginAdminTest" name="loginAdminSuccess" time="0.966"/>
  <system-out/>
</testsuite> <!-- pharmazone.MR.LoginAdminTest -->
